<?xml version="1.0" encoding="UTF-8" ?>
<testsuite errors="0" skipped="0" tests="1" time="0.125" failures="0" name="net.olstudio.AppTest">
  <properties>
    <property value="Java(TM) 2 Runtime Environment, Standard Edition" name="java.runtime.name"/>
    <property value="D:\environment\jdk1.5.0_05\jre\bin" name="sun.boot.library.path"/>
    <property value="1.5.0_05-b05" name="java.vm.version"/>
    <property value="Sun Microsystems Inc." name="java.vm.vendor"/>
    <property value="http://java.sun.com/" name="java.vendor.url"/>
    <property value=";" name="path.separator"/>
    <property value="Java HotSpot(TM) Client VM" name="java.vm.name"/>
    <property value="sun.io" name="file.encoding.pkg"/>
    <property value="CN" name="user.country"/>
    <property value="Service Pack 2" name="sun.os.patch.level"/>
    <property value="Java Virtual Machine Specification" name="java.vm.specification.name"/>
    <property value="E:\eclipse\oliver-workspace\projectol\projectol-core" name="user.dir"/>
    <property value="1.5.0_05-b05" name="java.runtime.version"/>
    <property value="sun.awt.Win32GraphicsEnvironment" name="java.awt.graphicsenv"/>
    <property value="E:\eclipse\oliver-workspace\projectol\projectol-core" name="basedir"/>
    <property value="D:\environment\jdk1.5.0_05\jre\lib\endorsed" name="java.endorsed.dirs"/>
    <property value="x86" name="os.arch"/>
    <property value="C:\DOCUME~1\ADMINI~1\LOCALS~1\Temp\" name="java.io.tmpdir"/>
    <property value="
" name="line.separator"/>
    <property value="Sun Microsystems Inc." name="java.vm.specification.vendor"/>
    <property value="" name="user.variant"/>
    <property value="Windows XP" name="os.name"/>
    <property value="D:\environment\maven-2.0.7\bin\\..\bin\m2.conf" name="classworlds.conf"/>
    <property value="GBK" name="sun.jnu.encoding"/>
    <property value="D:\environment\jdk1.5.0_05\bin;.;C:\WINDOWS\system32;C:\WINDOWS;D:\environment\jdk1.5.0_05\bin;C:\Program Files\IBM\WebSphere MQ\Java\lib;D:\oracle\ora90\bin;D:\oracle\ora90\Apache\Perl\5.00503\bin\mswin32-x86;C:\Program Files\Oracle\jre\1.1.8\bin;C:\WINDOWS\system32;C:\WINDOWS;C:\WINDOWS\System32\Wbem;C:\Program Files\ATI Technologies\ATIControl Panel;C:\Program Files\Subversion\bin;C:\Program Files\IBM\WebSphere MQ\bin;C:\Program Files\IBM\WebSphere MQ\WEMPS\bin;D:\environment\db-derby-10.3.1.4-bin\bin;D:\environment\php5.1.2;D:\environment\apache-ant-1.6.2\bin;D:\environment\maven-2.0.7\bin;D:\environment\mysql5.0.45\bin;D:\environment\gcc\javacc-4.0\bin;C:\Program Files\VanDyke Software\Clients\;C:\Program Files\CVSNT\" name="java.library.path"/>
    <property value="E:\eclipse\oliver-workspace\projectol\projectol-core\target\classes;E:\eclipse\oliver-workspace\projectol\projectol-core\target\test-classes;D:\environment\maven2_reposity\commons-logging\commons-logging\1.1.1\commons-logging-1.1.1.jar;D:\environment\maven2_reposity\junit\junit\3.8.1\junit-3.8.1.jar;D:\environment\maven2_reposity\javax\jms\jms\1.1\jms-1.1.jar;D:\environment\maven2_reposity\log4j\log4j\1.2.15\log4j-1.2.15.jar;D:\environment\maven2_reposity\com\sun\jdmk\jmxtools\1.2.1\jmxtools-1.2.1.jar;D:\environment\maven2_reposity\javax\mail\mail\1.4\mail-1.4.jar;D:\environment\maven2_reposity\javax\activation\activation\1.1\activation-1.1.jar;D:\environment\maven2_reposity\com\sun\jmx\jmxri\1.2.1\jmxri-1.2.1.jar;" name="surefire.test.class.path"/>
    <property value="Java Platform API Specification" name="java.specification.name"/>
    <property value="49.0" name="java.class.version"/>
    <property value="HotSpot Client Compiler" name="sun.management.compiler"/>
    <property value="5.1" name="os.version"/>
    <property value="C:\Documents and Settings\Administrator" name="user.home"/>
    <property value="Asia/Shanghai" name="user.timezone"/>
    <property value="sun.awt.windows.WPrinterJob" name="java.awt.printerjob"/>
    <property value="GBK" name="file.encoding"/>
    <property value="1.5" name="java.specification.version"/>
    <property value="Administrator" name="user.name"/>
    <property value="D:\environment\maven-2.0.7\bin\\..\boot\classworlds-1.1.jar" name="java.class.path"/>
    <property value="1.0" name="java.vm.specification.version"/>
    <property value="32" name="sun.arch.data.model"/>
    <property value="D:\environment\jdk1.5.0_05\jre" name="java.home"/>
    <property value="Sun Microsystems Inc." name="java.specification.vendor"/>
    <property value="zh" name="user.language"/>
    <property value="sun.awt.windows.WToolkit" name="awt.toolkit"/>
    <property value="mixed mode" name="java.vm.info"/>
    <property value="1.5.0_05" name="java.version"/>
    <property value="D:\environment\jdk1.5.0_05\jre\lib\ext" name="java.ext.dirs"/>
    <property value="D:\environment\jdk1.5.0_05\jre\lib\rt.jar;D:\environment\jdk1.5.0_05\jre\lib\i18n.jar;D:\environment\jdk1.5.0_05\jre\lib\sunrsasign.jar;D:\environment\jdk1.5.0_05\jre\lib\jsse.jar;D:\environment\jdk1.5.0_05\jre\lib\jce.jar;D:\environment\jdk1.5.0_05\jre\lib\charsets.jar;D:\environment\jdk1.5.0_05\jre\classes" name="sun.boot.class.path"/>
    <property value="Sun Microsystems Inc." name="java.vendor"/>
    <property value="D:\environment\maven-2.0.7\bin\\.." name="maven.home"/>
    <property value="D:\environment\maven2_reposity" name="localRepository"/>
    <property value="\" name="file.separator"/>
    <property value="http://java.sun.com/cgi-bin/bugreport.cgi" name="java.vendor.url.bug"/>
    <property value="little" name="sun.cpu.endian"/>
    <property value="UnicodeLittle" name="sun.io.unicode.encoding"/>
    <property value="windows" name="sun.desktop"/>
    <property value="pentium_pro+mmx pentium_pro pentium+mmx pentium i486 i386 i86" name="sun.cpu.isalist"/>
  </properties>
  <testcase classname="net.olstudio.AppTest" time="0.016" name="testApp"/>
</testsuite>